<?xml version="1.0" encoding="UTF-8"?>
<testng-results skipped="0" failed="0" total="1" passed="1">
  <reporter-output>
  </reporter-output>
  <suite name="Suite" duration-ms="9543" started-at="2018-02-19T15:57:06Z" finished-at="2018-02-19T15:57:16Z">
    <groups>
    </groups>
    <test name="Test" duration-ms="9543" started-at="2018-02-19T15:57:06Z" finished-at="2018-02-19T15:57:16Z">
      <class name="NewTest">
        <test-method status="PASS" signature="beforeTest()[pri:0, instance:NewTest@6767c1fc]" name="beforeTest" is-config="true" duration-ms="15" started-at="2018-02-19T15:57:06Z" finished-at="2018-02-19T15:57:06Z">
          <reporter-output>
          </reporter-output>
        </test-method> <!-- beforeTest -->
        <test-method status="PASS" signature="beforeClass()[pri:0, instance:NewTest@6767c1fc]" name="beforeClass" is-config="true" duration-ms="1" started-at="2018-02-19T15:57:06Z" finished-at="2018-02-19T15:57:06Z">
          <reporter-output>
          </reporter-output>
        </test-method> <!-- beforeClass -->
        <test-method status="PASS" signature="f()[pri:0, instance:NewTest@6767c1fc]" name="f" duration-ms="8719" started-at="2018-02-19T15:57:06Z" finished-at="2018-02-19T15:57:15Z">
          <reporter-output>
          </reporter-output>
        </test-method> <!-- f -->
        <test-method status="PASS" signature="afterClass()[pri:0, instance:NewTest@6767c1fc]" name="afterClass" is-config="true" duration-ms="778" started-at="2018-02-19T15:57:15Z" finished-at="2018-02-19T15:57:16Z">
          <reporter-output>
          </reporter-output>
        </test-method> <!-- afterClass -->
        <test-method status="PASS" signature="afterTest()[pri:0, instance:NewTest@6767c1fc]" name="afterTest" is-config="true" duration-ms="1" started-at="2018-02-19T15:57:16Z" finished-at="2018-02-19T15:57:16Z">
          <reporter-output>
          </reporter-output>
        </test-method> <!-- afterTest -->
      </class> <!-- NewTest -->
    </test> <!-- Test -->
  </suite> <!-- Suite -->
</testng-results>
