<?xml version="1.0" encoding="UTF-8"?>
<testng-results skipped="0" failed="0" ignored="0" total="1" passed="1">
  <reporter-output>
  </reporter-output>
  <suite name="Suite" duration-ms="18160" started-at="2018-02-19T16:29:00Z" finished-at="2018-02-19T16:29:18Z">
    <groups>
    </groups>
    <test name="Test" duration-ms="18160" started-at="2018-02-19T16:29:00Z" finished-at="2018-02-19T16:29:18Z">
      <class name="NewTest">
        <test-method status="PASS" signature="beforeTest()[pri:0, instance:NewTest@6bdf28bb]" name="beforeTest" is-config="true" duration-ms="40" started-at="2018-02-19T16:29:00Z" finished-at="2018-02-19T16:29:00Z">
          <reporter-output>
          </reporter-output>
        </test-method> <!-- beforeTest -->
        <test-method status="PASS" signature="beforeClass()[pri:0, instance:NewTest@6bdf28bb]" name="beforeClass" is-config="true" duration-ms="1" started-at="2018-02-19T16:29:00Z" finished-at="2018-02-19T16:29:00Z">
          <reporter-output>
          </reporter-output>
        </test-method> <!-- beforeClass -->
        <test-method status="PASS" signature="f()[pri:0, instance:NewTest@6bdf28bb]" name="f" duration-ms="17390" started-at="2018-02-19T16:29:00Z" finished-at="2018-02-19T16:29:18Z">
          <reporter-output>
          </reporter-output>
        </test-method> <!-- f -->
        <test-method status="PASS" signature="afterClass()[pri:0, instance:NewTest@6bdf28bb]" name="afterClass" is-config="true" duration-ms="673" started-at="2018-02-19T16:29:18Z" finished-at="2018-02-19T16:29:18Z">
          <reporter-output>
          </reporter-output>
        </test-method> <!-- afterClass -->
        <test-method status="PASS" signature="afterTest()[pri:0, instance:NewTest@6bdf28bb]" name="afterTest" is-config="true" duration-ms="0" started-at="2018-02-19T16:29:18Z" finished-at="2018-02-19T16:29:18Z">
          <reporter-output>
          </reporter-output>
        </test-method> <!-- afterTest -->
      </class> <!-- NewTest -->
    </test> <!-- Test -->
  </suite> <!-- Suite -->
</testng-results>
